This file contains any messages produced by compilers while
running configure, to aid debugging if configure makes a mistake.

It was created by libcubescript configure 1.0.0, which was
generated by GNU Autoconf 2.61.  Invocation command line was

  $ ./configure --enable-tests

## --------- ##
## Platform. ##
## --------- ##

hostname = darkstar
uname -m = i686
uname -r = 2.6.21.5-smp
uname -s = Linux
uname -v = #2 SMP Tue Jun 19 14:58:11 CDT 2007

/usr/bin/uname -p = Intel(R) Pentium(R) 4 CPU 2.26GHz
/bin/uname -X     = unknown

/bin/arch              = i686
/usr/bin/arch -k       = unknown
/usr/convex/getsysinfo = unknown
/usr/bin/hostinfo      = unknown
/bin/machine           = unknown
/usr/bin/oslevel       = unknown
/bin/universe          = unknown

PATH: /usr/local/bin
PATH: /usr/bin
PATH: /bin
PATH: /usr/games
PATH: /usr/local/libexec
PATH: /usr/lib/java/bin
PATH: /usr/lib/java/jre/bin
PATH: /usr/lib/qt/bin
PATH: .


## ----------- ##
## Core tests. ##
## ----------- ##

configure:1749: checking for a BSD-compatible install
configure:1805: result: /usr/bin/ginstall -c
configure:1816: checking whether build environment is sane
configure:1859: result: yes
configure:1924: checking for gawk
configure:1940: found /usr/bin/gawk
configure:1951: result: gawk
configure:1962: checking whether make sets $(MAKE)
configure:1983: result: yes
configure:2226: checking for g++
configure:2242: found /usr/bin/g++
configure:2253: result: g++
configure:2284: checking for C++ compiler version
configure:2291: g++ --version >&5
g++ (GCC) 4.1.2
Copyright (C) 2006 Free Software Foundation, Inc.
This is free software; see the source for copying conditions.  There is NO
warranty; not even for MERCHANTABILITY or FITNESS FOR A PARTICULAR PURPOSE.

configure:2294: $? = 0
configure:2301: g++ -v >&5
Reading specs from /usr/lib/gcc/i486-slackware-linux/4.1.2/specs
Target: i486-slackware-linux
Configured with: ../gcc-4.1.2/configure --prefix=/usr --enable-shared --enable-languages=ada,c,c++,fortran,java,objc --enable-threads=posix --enable-__cxa_atexit --disable-checking --with-gnu-ld --verbose --with-arch=i486 --target=i486-slackware-linux --host=i486-slackware-linux
Thread model: posix
gcc version 4.1.2
configure:2304: $? = 0
configure:2311: g++ -V >&5
g++: '-V' option must have argument
configure:2314: $? = 1
configure:2337: checking for C++ compiler default output file name
configure:2364: g++    conftest.cpp  >&5
configure:2367: $? = 0
configure:2405: result: a.out
configure:2422: checking whether the C++ compiler works
configure:2432: ./a.out
configure:2435: $? = 0
configure:2452: result: yes
configure:2459: checking whether we are cross compiling
configure:2461: result: no
configure:2464: checking for suffix of executables
configure:2471: g++ -o conftest    conftest.cpp  >&5
configure:2474: $? = 0
configure:2498: result: 
configure:2504: checking for suffix of object files
configure:2530: g++ -c   conftest.cpp >&5
configure:2533: $? = 0
configure:2556: result: o
configure:2560: checking whether we are using the GNU C++ compiler
configure:2589: g++ -c   conftest.cpp >&5
configure:2595: $? = 0
configure:2612: result: yes
configure:2617: checking whether g++ accepts -g
configure:2647: g++ -c -g  conftest.cpp >&5
configure:2653: $? = 0
configure:2752: result: yes
configure:2786: checking for style of include used by make
configure:2814: result: GNU
configure:2842: checking dependency style of g++
configure:2932: result: gcc3
configure:2992: checking for ranlib
configure:3008: found /usr/bin/ranlib
configure:3019: result: ranlib
configure:3102: checking for cppunit-config
configure:3120: found /usr/local/bin/cppunit-config
configure:3133: result: /usr/local/bin/cppunit-config
configure:3143: checking for Cppunit - version >= 1.12.0
configure:3189: result: 1.12.0
configure:3470: creating ./config.status

## ---------------------- ##
## Running config.status. ##
## ---------------------- ##

This file was extended by libcubescript config.status 1.0.0, which was
generated by GNU Autoconf 2.61.  Invocation command line was

  CONFIG_FILES    = 
  CONFIG_HEADERS  = 
  CONFIG_LINKS    = 
  CONFIG_COMMANDS = 
  $ ./config.status 

on darkstar

config.status:625: creating Makefile
config.status:625: creating tests/Makefile
config.status:810: executing depfiles commands

## ---------------- ##
## Cache variables. ##
## ---------------- ##

ac_cv_cxx_compiler_gnu=yes
ac_cv_env_CCC_set=
ac_cv_env_CCC_value=
ac_cv_env_CPPFLAGS_set=
ac_cv_env_CPPFLAGS_value=
ac_cv_env_CXXFLAGS_set=
ac_cv_env_CXXFLAGS_value=
ac_cv_env_CXX_set=
ac_cv_env_CXX_value=
ac_cv_env_LDFLAGS_set=
ac_cv_env_LDFLAGS_value=
ac_cv_env_LIBS_set=
ac_cv_env_LIBS_value=
ac_cv_env_build_alias_set=
ac_cv_env_build_alias_value=
ac_cv_env_host_alias_set=
ac_cv_env_host_alias_value=
ac_cv_env_target_alias_set=
ac_cv_env_target_alias_value=
ac_cv_objext=o
ac_cv_path_CPPUNIT_CONFIG=/usr/local/bin/cppunit-config
ac_cv_path_install='/usr/bin/ginstall -c'
ac_cv_prog_AWK=gawk
ac_cv_prog_ac_ct_CXX=g++
ac_cv_prog_ac_ct_RANLIB=ranlib
ac_cv_prog_cxx_g=yes
ac_cv_prog_make_make_set=yes
am_cv_CXX_dependencies_compiler_type=gcc3

## ----------------- ##
## Output variables. ##
## ----------------- ##

ACLOCAL='${SHELL} /home/projects/libcubescript/missing --run aclocal-1.9'
AMDEPBACKSLASH='\'
AMDEP_FALSE='#'
AMDEP_TRUE=''
AMTAR='${SHELL} /home/projects/libcubescript/missing --run tar'
AUTOCONF='${SHELL} /home/projects/libcubescript/missing --run autoconf'
AUTOHEADER='${SHELL} /home/projects/libcubescript/missing --run autoheader'
AUTOMAKE='${SHELL} /home/projects/libcubescript/missing --run automake-1.9'
AWK='gawk'
BUILD_DOCS_FALSE=''
BUILD_DOCS_TRUE='#'
BUILD_TESTS_FALSE='#'
BUILD_TESTS_TRUE=''
CPPFLAGS=''
CPPUNIT_CFLAGS='-I/usr/local/include'
CPPUNIT_CONFIG='/usr/local/bin/cppunit-config'
CPPUNIT_LIBS='-L/usr/local/lib -lcppunit -ldl'
CXX='g++'
CXXDEPMODE='depmode=gcc3'
CXXFLAGS='-g -O2'
CYGPATH_W='echo'
DEBUG_FALSE=''
DEBUG_TRUE='#'
DEFS='-DPACKAGE_NAME=\"libcubescript\" -DPACKAGE_TARNAME=\"libcubescript\" -DPACKAGE_VERSION=\"1.0.0\" -DPACKAGE_STRING=\"libcubescript\ 1.0.0\" -DPACKAGE_BUGREPORT=\"\" -DPACKAGE=\"libcubescript\" -DVERSION=\"1.0.0\"'
DEPDIR='.deps'
DOXYGEN=''
ECHO_C=''
ECHO_N='-n'
ECHO_T=''
EXEEXT=''
INSTALL_DATA='${INSTALL} -m 644'
INSTALL_PROGRAM='${INSTALL}'
INSTALL_SCRIPT='${INSTALL}'
INSTALL_STRIP_PROGRAM='${SHELL} $(install_sh) -c -s'
LDFLAGS=''
LIBOBJS=''
LIBS=''
LTLIBOBJS=''
MAKEINFO='${SHELL} /home/projects/libcubescript/missing --run makeinfo'
OBJEXT='o'
PACKAGE='libcubescript'
PACKAGE_BUGREPORT=''
PACKAGE_NAME='libcubescript'
PACKAGE_STRING='libcubescript 1.0.0'
PACKAGE_TARNAME='libcubescript'
PACKAGE_VERSION='1.0.0'
PATH_SEPARATOR=':'
RANLIB='ranlib'
SET_MAKE=''
SHELL='/bin/sh'
STRIP=''
VERSION='1.0.0'
ac_ct_CXX='g++'
am__fastdepCXX_FALSE='#'
am__fastdepCXX_TRUE=''
am__include='include'
am__leading_dot='.'
am__quote=''
am__tar='${AMTAR} chof - "$$tardir"'
am__untar='${AMTAR} xf -'
bindir='${exec_prefix}/bin'
build_alias=''
datadir='${datarootdir}'
datarootdir='${prefix}/share'
docdir='${datarootdir}/doc/${PACKAGE_TARNAME}'
dvidir='${docdir}'
exec_prefix='${prefix}'
host_alias=''
htmldir='${docdir}'
includedir='${prefix}/include'
infodir='${datarootdir}/info'
install_sh='/home/projects/libcubescript/install-sh'
libdir='${exec_prefix}/lib'
libexecdir='${exec_prefix}/libexec'
localedir='${datarootdir}/locale'
localstatedir='${prefix}/var'
mandir='${datarootdir}/man'
mkdir_p='mkdir -p --'
oldincludedir='/usr/include'
pdfdir='${docdir}'
prefix='/usr/local'
program_transform_name='s,x,x,'
psdir='${docdir}'
sbindir='${exec_prefix}/sbin'
sharedstatedir='${prefix}/com'
sysconfdir='${prefix}/etc'
target_alias=''

## ----------- ##
## confdefs.h. ##
## ----------- ##

#define PACKAGE_NAME "libcubescript"
#define PACKAGE_TARNAME "libcubescript"
#define PACKAGE_VERSION "1.0.0"
#define PACKAGE_STRING "libcubescript 1.0.0"
#define PACKAGE_BUGREPORT ""
#define PACKAGE "libcubescript"
#define VERSION "1.0.0"

configure: exit 0

## ---------------------- ##
## Running config.status. ##
## ---------------------- ##

This file was extended by libcubescript config.status 1.0.0, which was
generated by GNU Autoconf 2.61.  Invocation command line was

  CONFIG_FILES    = 
  CONFIG_HEADERS  = 
  CONFIG_LINKS    = 
  CONFIG_COMMANDS = 
  $ ./config.status tests/Makefile depfiles

on darkstar

config.status:625: creating tests/Makefile
config.status:810: executing depfiles commands

## ---------------------- ##
## Running config.status. ##
## ---------------------- ##

This file was extended by libcubescript config.status 1.0.0, which was
generated by GNU Autoconf 2.61.  Invocation command line was

  CONFIG_FILES    = 
  CONFIG_HEADERS  = 
  CONFIG_LINKS    = 
  CONFIG_COMMANDS = 
  $ ./config.status Makefile depfiles

on darkstar

config.status:625: creating Makefile
config.status:810: executing depfiles commands

## ---------------------- ##
## Running config.status. ##
## ---------------------- ##

This file was extended by libcubescript config.status 1.0.0, which was
generated by GNU Autoconf 2.61.  Invocation command line was

  CONFIG_FILES    = 
  CONFIG_HEADERS  = 
  CONFIG_LINKS    = 
  CONFIG_COMMANDS = 
  $ ./config.status Makefile depfiles

on darkstar

config.status:625: creating Makefile
config.status:810: executing depfiles commands

## ---------------------- ##
## Running config.status. ##
## ---------------------- ##

This file was extended by libcubescript config.status 1.0.0, which was
generated by GNU Autoconf 2.61.  Invocation command line was

  CONFIG_FILES    = 
  CONFIG_HEADERS  = 
  CONFIG_LINKS    = 
  CONFIG_COMMANDS = 
  $ ./config.status Makefile depfiles

on darkstar

config.status:625: creating Makefile
config.status:810: executing depfiles commands

## ---------------------- ##
## Running config.status. ##
## ---------------------- ##

This file was extended by libcubescript config.status 1.0.0, which was
generated by GNU Autoconf 2.61.  Invocation command line was

  CONFIG_FILES    = 
  CONFIG_HEADERS  = 
  CONFIG_LINKS    = 
  CONFIG_COMMANDS = 
  $ ./config.status Makefile depfiles

on darkstar

config.status:625: creating Makefile
config.status:810: executing depfiles commands

## ---------------------- ##
## Running config.status. ##
## ---------------------- ##

This file was extended by libcubescript config.status 1.0.0, which was
generated by GNU Autoconf 2.61.  Invocation command line was

  CONFIG_FILES    = 
  CONFIG_HEADERS  = 
  CONFIG_LINKS    = 
  CONFIG_COMMANDS = 
  $ ./config.status Makefile depfiles

on darkstar

config.status:625: creating Makefile
config.status:810: executing depfiles commands

## ---------------------- ##
## Running config.status. ##
## ---------------------- ##

This file was extended by libcubescript config.status 1.0.0, which was
generated by GNU Autoconf 2.61.  Invocation command line was

  CONFIG_FILES    = 
  CONFIG_HEADERS  = 
  CONFIG_LINKS    = 
  CONFIG_COMMANDS = 
  $ ./config.status Makefile depfiles

on darkstar

config.status:625: creating Makefile
config.status:810: executing depfiles commands

## ---------------------- ##
## Running config.status. ##
## ---------------------- ##

This file was extended by libcubescript config.status 1.0.0, which was
generated by GNU Autoconf 2.61.  Invocation command line was

  CONFIG_FILES    = 
  CONFIG_HEADERS  = 
  CONFIG_LINKS    = 
  CONFIG_COMMANDS = 
  $ ./config.status Makefile depfiles

on darkstar

config.status:625: creating Makefile
config.status:810: executing depfiles commands
