This file contains any messages produced by compilers while
running configure, to aid debugging if configure makes a mistake.

It was created by lua-sqlite3 configure 0.4, which was
generated by GNU Autoconf 2.59.  Invocation command line was

  $ ./configure 

## --------- ##
## Platform. ##
## --------- ##

hostname = darkstar
uname -m = i686
uname -r = 2.6.21.5-smp
uname -s = Linux
uname -v = #2 SMP Tue Jun 19 14:58:11 CDT 2007

/usr/bin/uname -p = Intel(R) Pentium(R) 4 CPU 2.26GHz
/bin/uname -X     = unknown

/bin/arch              = i686
/usr/bin/arch -k       = unknown
/usr/convex/getsysinfo = unknown
hostinfo               = unknown
/bin/machine           = unknown
/usr/bin/oslevel       = unknown
/bin/universe          = unknown

PATH: /usr/local/bin
PATH: /usr/bin
PATH: /bin
PATH: /usr/games
PATH: /usr/local/libexec
PATH: /usr/lib/java/bin
PATH: /usr/lib/java/jre/bin
PATH: /usr/lib/qt/bin
PATH: .


## ----------- ##
## Core tests. ##
## ----------- ##

configure:1373: checking for gcc
configure:1389: found /usr/bin/gcc
configure:1399: result: gcc
configure:1643: checking for C compiler version
configure:1646: gcc --version </dev/null >&5
gcc (GCC) 4.1.2
Copyright (C) 2006 Free Software Foundation, Inc.
This is free software; see the source for copying conditions.  There is NO
warranty; not even for MERCHANTABILITY or FITNESS FOR A PARTICULAR PURPOSE.

configure:1649: $? = 0
configure:1651: gcc -v </dev/null >&5
Reading specs from /usr/lib/gcc/i486-slackware-linux/4.1.2/specs
Target: i486-slackware-linux
Configured with: ../gcc-4.1.2/configure --prefix=/usr --enable-shared --enable-languages=ada,c,c++,fortran,java,objc --enable-threads=posix --enable-__cxa_atexit --disable-checking --with-gnu-ld --verbose --with-arch=i486 --target=i486-slackware-linux --host=i486-slackware-linux
Thread model: posix
gcc version 4.1.2
configure:1654: $? = 0
configure:1656: gcc -V </dev/null >&5
gcc: '-V' option must have argument
configure:1659: $? = 1
configure:1682: checking for C compiler default output file name
configure:1685: gcc    conftest.c  >&5
configure:1688: $? = 0
configure:1734: result: a.out
configure:1739: checking whether the C compiler works
configure:1745: ./a.out
configure:1748: $? = 0
configure:1765: result: yes
configure:1772: checking whether we are cross compiling
configure:1774: result: no
configure:1777: checking for suffix of executables
configure:1779: gcc -o conftest    conftest.c  >&5
configure:1782: $? = 0
configure:1807: result: 
configure:1813: checking for suffix of object files
configure:1834: gcc -c   conftest.c >&5
configure:1837: $? = 0
configure:1859: result: o
configure:1863: checking whether we are using the GNU C compiler
configure:1887: gcc -c   conftest.c >&5
configure:1893: $? = 0
configure:1897: test -z 
			 || test ! -s conftest.err
configure:1900: $? = 0
configure:1903: test -s conftest.o
configure:1906: $? = 0
configure:1919: result: yes
configure:1925: checking whether gcc accepts -g
configure:1946: gcc -c -g  conftest.c >&5
configure:1952: $? = 0
configure:1956: test -z 
			 || test ! -s conftest.err
configure:1959: $? = 0
configure:1962: test -s conftest.o
configure:1965: $? = 0
configure:1976: result: yes
configure:1993: checking for gcc option to accept ANSI C
configure:2063: gcc  -c -g -O2  conftest.c >&5
configure:2069: $? = 0
configure:2073: test -z 
			 || test ! -s conftest.err
configure:2076: $? = 0
configure:2079: test -s conftest.o
configure:2082: $? = 0
configure:2100: result: none needed
configure:2118: gcc -c -g -O2  conftest.c >&5
conftest.c:2: error: expected '=', ',', ';', 'asm' or '__attribute__' before 'me'
configure:2124: $? = 1
configure: failed program was:
| #ifndef __cplusplus
|   choke me
| #endif
configure:2263: checking how to run the C preprocessor
configure:2298: gcc -E  conftest.c
configure:2304: $? = 0
configure:2336: gcc -E  conftest.c
conftest.c:9:28: error: ac_nonexistent.h: No such file or directory
configure:2342: $? = 1
configure: failed program was:
| /* confdefs.h.  */
| 
| #define PACKAGE_NAME "lua-sqlite3"
| #define PACKAGE_TARNAME "lua-sqlite3"
| #define PACKAGE_VERSION "0.4"
| #define PACKAGE_STRING "lua-sqlite3 0.4"
| #define PACKAGE_BUGREPORT "mroth@nessie.de"
| /* end confdefs.h.  */
| #include <ac_nonexistent.h>
configure:2381: result: gcc -E
configure:2405: gcc -E  conftest.c
configure:2411: $? = 0
configure:2443: gcc -E  conftest.c
conftest.c:9:28: error: ac_nonexistent.h: No such file or directory
configure:2449: $? = 1
configure: failed program was:
| /* confdefs.h.  */
| 
| #define PACKAGE_NAME "lua-sqlite3"
| #define PACKAGE_TARNAME "lua-sqlite3"
| #define PACKAGE_VERSION "0.4"
| #define PACKAGE_STRING "lua-sqlite3 0.4"
| #define PACKAGE_BUGREPORT "mroth@nessie.de"
| /* end confdefs.h.  */
| #include <ac_nonexistent.h>
configure:2493: checking for egrep
configure:2503: result: grep -E
configure:2508: checking for ANSI C header files
configure:2533: gcc -c -g -O2  conftest.c >&5
configure:2539: $? = 0
configure:2543: test -z 
			 || test ! -s conftest.err
configure:2546: $? = 0
configure:2549: test -s conftest.o
configure:2552: $? = 0
configure:2641: gcc -o conftest -g -O2   conftest.c  >&5
conftest.c: In function 'main':
conftest.c:26: warning: incompatible implicit declaration of built-in function 'exit'
configure:2644: $? = 0
configure:2646: ./conftest
configure:2649: $? = 0
configure:2664: result: yes
configure:2688: checking for sys/types.h
configure:2704: gcc -c -g -O2  conftest.c >&5
configure:2710: $? = 0
configure:2714: test -z 
			 || test ! -s conftest.err
configure:2717: $? = 0
configure:2720: test -s conftest.o
configure:2723: $? = 0
configure:2734: result: yes
configure:2688: checking for sys/stat.h
configure:2704: gcc -c -g -O2  conftest.c >&5
configure:2710: $? = 0
configure:2714: test -z 
			 || test ! -s conftest.err
configure:2717: $? = 0
configure:2720: test -s conftest.o
configure:2723: $? = 0
configure:2734: result: yes
configure:2688: checking for stdlib.h
configure:2704: gcc -c -g -O2  conftest.c >&5
configure:2710: $? = 0
configure:2714: test -z 
			 || test ! -s conftest.err
configure:2717: $? = 0
configure:2720: test -s conftest.o
configure:2723: $? = 0
configure:2734: result: yes
configure:2688: checking for string.h
configure:2704: gcc -c -g -O2  conftest.c >&5
configure:2710: $? = 0
configure:2714: test -z 
			 || test ! -s conftest.err
configure:2717: $? = 0
configure:2720: test -s conftest.o
configure:2723: $? = 0
configure:2734: result: yes
configure:2688: checking for memory.h
configure:2704: gcc -c -g -O2  conftest.c >&5
configure:2710: $? = 0
configure:2714: test -z 
			 || test ! -s conftest.err
configure:2717: $? = 0
configure:2720: test -s conftest.o
configure:2723: $? = 0
configure:2734: result: yes
configure:2688: checking for strings.h
configure:2704: gcc -c -g -O2  conftest.c >&5
configure:2710: $? = 0
configure:2714: test -z 
			 || test ! -s conftest.err
configure:2717: $? = 0
configure:2720: test -s conftest.o
configure:2723: $? = 0
configure:2734: result: yes
configure:2688: checking for inttypes.h
configure:2704: gcc -c -g -O2  conftest.c >&5
configure:2710: $? = 0
configure:2714: test -z 
			 || test ! -s conftest.err
configure:2717: $? = 0
configure:2720: test -s conftest.o
configure:2723: $? = 0
configure:2734: result: yes
configure:2688: checking for stdint.h
configure:2704: gcc -c -g -O2  conftest.c >&5
configure:2710: $? = 0
configure:2714: test -z 
			 || test ! -s conftest.err
configure:2717: $? = 0
configure:2720: test -s conftest.o
configure:2723: $? = 0
configure:2734: result: yes
configure:2688: checking for unistd.h
configure:2704: gcc -c -g -O2  conftest.c >&5
configure:2710: $? = 0
configure:2714: test -z 
			 || test ! -s conftest.err
configure:2717: $? = 0
configure:2720: test -s conftest.o
configure:2723: $? = 0
configure:2734: result: yes
configure:2895: checking for egrep
configure:2905: result: grep -E
configure:2912: checking whether linking with rpath is requested
configure:2922: result: no
configure:2970: checking for lua
configure:2989: found /usr/local/bin/lua
configure:3001: result: /usr/local/bin/lua
configure:3083: checking lua.h usability
configure:3095: gcc -c -g -O2  conftest.c >&5
configure:3101: $? = 0
configure:3105: test -z 
			 || test ! -s conftest.err
configure:3108: $? = 0
configure:3111: test -s conftest.o
configure:3114: $? = 0
configure:3124: result: yes
configure:3128: checking lua.h presence
configure:3138: gcc -E  conftest.c
configure:3144: $? = 0
configure:3164: result: yes
configure:3199: checking for lua.h
configure:3206: result: yes
configure:3229: checking lauxlib.h usability
configure:3241: gcc -c -g -O2  conftest.c >&5
configure:3247: $? = 0
configure:3251: test -z 
			 || test ! -s conftest.err
configure:3254: $? = 0
configure:3257: test -s conftest.o
configure:3260: $? = 0
configure:3270: result: yes
configure:3274: checking lauxlib.h presence
configure:3284: gcc -E  conftest.c
configure:3290: $? = 0
configure:3310: result: yes
configure:3345: checking for lauxlib.h
configure:3352: result: yes
configure:3375: checking sqlite3.h usability
configure:3387: gcc -c -g -O2  conftest.c >&5
configure:3393: $? = 0
configure:3397: test -z 
			 || test ! -s conftest.err
configure:3400: $? = 0
configure:3403: test -s conftest.o
configure:3406: $? = 0
configure:3416: result: yes
configure:3420: checking sqlite3.h presence
configure:3430: gcc -E  conftest.c
configure:3436: $? = 0
configure:3456: result: yes
configure:3491: checking for sqlite3.h
configure:3498: result: yes
configure:3513: checking if we need -llua
configure:3517: result: yes
configure:3524: checking if we need -llualib
configure:3539: gcc -o conftest -g -O2   conftest.c -llua -lm  >&5
configure:3545: $? = 0
configure:3549: test -z 
			 || test ! -s conftest.err
configure:3552: $? = 0
configure:3555: test -s conftest
configure:3558: $? = 0
configure:3572: result: no
configure:3708: creating ./config.status

## ---------------------- ##
## Running config.status. ##
## ---------------------- ##

This file was extended by lua-sqlite3 config.status 0.4, which was
generated by GNU Autoconf 2.59.  Invocation command line was

  CONFIG_FILES    = 
  CONFIG_HEADERS  = 
  CONFIG_LINKS    = 
  CONFIG_COMMANDS = 
  $ ./config.status 

on darkstar

config.status:634: creating Makefile

## ---------------- ##
## Cache variables. ##
## ---------------- ##

ac_cv_c_compiler_gnu=yes
ac_cv_env_CC_set=
ac_cv_env_CC_value=
ac_cv_env_CFLAGS_set=
ac_cv_env_CFLAGS_value=
ac_cv_env_CPPFLAGS_set=
ac_cv_env_CPPFLAGS_value=
ac_cv_env_CPP_set=
ac_cv_env_CPP_value=
ac_cv_env_LDFLAGS_set=
ac_cv_env_LDFLAGS_value=
ac_cv_env_build_alias_set=
ac_cv_env_build_alias_value=
ac_cv_env_host_alias_set=
ac_cv_env_host_alias_value=
ac_cv_env_target_alias_set=
ac_cv_env_target_alias_value=
ac_cv_exeext=
ac_cv_header_inttypes_h=yes
ac_cv_header_lauxlib_h=yes
ac_cv_header_lua_h=yes
ac_cv_header_memory_h=yes
ac_cv_header_sqlite3_h=yes
ac_cv_header_stdc=yes
ac_cv_header_stdint_h=yes
ac_cv_header_stdlib_h=yes
ac_cv_header_string_h=yes
ac_cv_header_strings_h=yes
ac_cv_header_sys_stat_h=yes
ac_cv_header_sys_types_h=yes
ac_cv_header_unistd_h=yes
ac_cv_objext=o
ac_cv_path_LUA=/usr/local/bin/lua
ac_cv_prog_CPP='gcc -E'
ac_cv_prog_ac_ct_CC=gcc
ac_cv_prog_cc_g=yes
ac_cv_prog_cc_stdc=
ac_cv_prog_egrep='grep -E'

## ----------------- ##
## Output variables. ##
## ----------------- ##

CC='gcc'
CFLAGS='-g -O2'
CPP='gcc -E'
CPPFLAGS=''
DEFS='-DPACKAGE_NAME=\"lua-sqlite3\" -DPACKAGE_TARNAME=\"lua-sqlite3\" -DPACKAGE_VERSION=\"0.4\" -DPACKAGE_STRING=\"lua-sqlite3\ 0.4\" -DPACKAGE_BUGREPORT=\"mroth@nessie.de\" -DSTDC_HEADERS=1 -DHAVE_SYS_TYPES_H=1 -DHAVE_SYS_STAT_H=1 -DHAVE_STDLIB_H=1 -DHAVE_STRING_H=1 -DHAVE_MEMORY_H=1 -DHAVE_STRINGS_H=1 -DHAVE_INTTYPES_H=1 -DHAVE_STDINT_H=1 -DHAVE_UNISTD_H=1 '
ECHO_C=''
ECHO_N='-n'
ECHO_T=''
EGREP='grep -E'
EXEEXT=''
LDFLAGS=''
LIBOBJS=''
LIBS='-lsqlite3 -llua -lm '
LTLIBOBJS=''
LUA='/usr/local/bin/lua'
OBJEXT='o'
PACKAGE_BUGREPORT='mroth@nessie.de'
PACKAGE_NAME='lua-sqlite3'
PACKAGE_STRING='lua-sqlite3 0.4'
PACKAGE_TARNAME='lua-sqlite3'
PACKAGE_VERSION='0.4'
PATH_SEPARATOR=':'
SHELL='/bin/sh'
ac_ct_CC='gcc'
bindir='${exec_prefix}/bin'
build_alias=''
datadir='${prefix}/share'
exec_prefix='${prefix}'
host_alias=''
includedir='${prefix}/include'
infodir='${prefix}/info'
libdir='${exec_prefix}/lib'
libexecdir='${exec_prefix}/libexec'
localstatedir='${prefix}/var'
mandir='${prefix}/man'
oldincludedir='/usr/include'
prefix='/usr/local'
program_transform_name='s,x,x,'
sbindir='${exec_prefix}/sbin'
sharedstatedir='${prefix}/com'
sysconfdir='${prefix}/etc'
target_alias=''

## ----------- ##
## confdefs.h. ##
## ----------- ##

#define HAVE_INTTYPES_H 1
#define HAVE_MEMORY_H 1
#define HAVE_STDINT_H 1
#define HAVE_STDLIB_H 1
#define HAVE_STRINGS_H 1
#define HAVE_STRING_H 1
#define HAVE_SYS_STAT_H 1
#define HAVE_SYS_TYPES_H 1
#define HAVE_UNISTD_H 1
#define PACKAGE_BUGREPORT "mroth@nessie.de"
#define PACKAGE_NAME "lua-sqlite3"
#define PACKAGE_STRING "lua-sqlite3 0.4"
#define PACKAGE_TARNAME "lua-sqlite3"
#define PACKAGE_VERSION "0.4"
#define STDC_HEADERS 1

configure: exit 0
